\BOOKMARK [0][-]{Doc-Start}{Abstract}{}% 1
\BOOKMARK [0][-]{chapter.1}{Introduction}{}% 2
\BOOKMARK [1][-]{section.1.1}{State of Art}{chapter.1}% 3
\BOOKMARK [2][-]{subsection.1.1.1}{Quadrotors}{section.1.1}% 4
\BOOKMARK [2][-]{subsection.1.1.2}{Smartphone as a Controller}{section.1.1}% 5
\BOOKMARK [2][-]{subsection.1.1.3}{Smartphone-based Quadrotors}{section.1.1}% 6
\BOOKMARK [1][-]{section.1.2}{Outline}{chapter.1}% 7
\BOOKMARK [0][-]{chapter.2}{Quadrotor Helicopter Model }{}% 8
\BOOKMARK [1][-]{section.2.1}{Nonlinear Model}{chapter.2}% 9
\BOOKMARK [1][-]{section.2.2}{Linearized Model}{chapter.2}% 10
\BOOKMARK [0][-]{chapter.3}{Smartphone-based Quadrotor Prototype}{}% 11
\BOOKMARK [1][-]{section.3.1}{Description of the Components}{chapter.3}% 12
\BOOKMARK [2][-]{subsection.3.1.1}{Smartphone}{section.3.1}% 13
\BOOKMARK [2][-]{subsection.3.1.2}{Frame}{section.3.1}% 14
\BOOKMARK [2][-]{subsection.3.1.3}{Motors and Electronic Speed Controllers \(ESC\)}{section.3.1}% 15
\BOOKMARK [2][-]{subsection.3.1.4}{Smartphone-ESC Gateway}{section.3.1}% 16
\BOOKMARK [2][-]{subsection.3.1.5}{Battery}{section.3.1}% 17
\BOOKMARK [2][-]{subsection.3.1.6}{Assembled Smartphone-based Quadrotor}{section.3.1}% 18
\BOOKMARK [1][-]{section.3.2}{Quadrotor Parameters}{chapter.3}% 19
\BOOKMARK [2][-]{subsection.3.2.1}{Mass}{section.3.2}% 20
\BOOKMARK [2][-]{subsection.3.2.2}{Inertial Momentum}{section.3.2}% 21
\BOOKMARK [2][-]{subsection.3.2.3}{Motors Thrust}{section.3.2}% 22
\BOOKMARK [0][-]{chapter.4}{Control Strategies and State Estimation}{}% 23
\BOOKMARK [1][-]{section.4.1}{Optimal Controller}{chapter.4}% 24
\BOOKMARK [1][-]{section.4.2}{Robust Controller}{chapter.4}% 25
\BOOKMARK [1][-]{section.4.3}{State Estimation Through Kalman Filter}{chapter.4}% 26
\BOOKMARK [0][-]{chapter.5}{Implementation and Results}{}% 27
\BOOKMARK [1][-]{section.5.1}{Kalman Filter for States Estimation}{chapter.5}% 28
\BOOKMARK [1][-]{section.5.2}{Linear Quadratic Regulator Results}{chapter.5}% 29
\BOOKMARK [2][-]{subsection.5.2.1}{Simple Translational Movements \(LQR\)}{section.5.2}% 30
\BOOKMARK [2][-]{subsection.5.2.2}{Trajectory Tracking \(LQR\)}{section.5.2}% 31
\BOOKMARK [1][-]{section.5.3}{H Regulator Results}{chapter.5}% 32
\BOOKMARK [2][-]{subsection.5.3.1}{Simple Translational Movements \(H\)}{section.5.3}% 33
\BOOKMARK [2][-]{subsection.5.3.2}{Trajectory Tracking \(H\)}{section.5.3}% 34
\BOOKMARK [0][-]{subsection.5.3.2}{Conclusions and Outlook}{}% 35
\BOOKMARK [0][-]{chapter*.6}{Bibliography}{}% 36
\BOOKMARK [0][-]{appendix*.7}{Publications}{}% 37
